<?xml version="1.0" encoding="UTF-8"?>
<!-- Generated by org.testng.reporters.JUnitXMLReporter -->
<testsuite ignored="0" hostname="CNLDLF1159" failures="1" tests="2" name="Command line test" time="21.392" errors="0" timestamp="2024-03-06T13:05:54 IST">
  <testcase classname="virtusatest.FirstTest" name="firstTestCase" time="15.016"/>
  <testcase classname="virtusatest.FirstTest" name="secondTestCase" time="6.28">
    <failure type="java.lang.AssertionError" message="expected [Google] but found [Googles]">
      <![CDATA[java.lang.AssertionError: expected [Google] but found [Googles]
at virtusatest.FirstTest.secondTestCase(FirstTest.java:49)
at java.base/java.util.ArrayList.forEach(ArrayList.java:1511)
... Removed 42 stack frames]]>
    </failure>
  </testcase> <!-- secondTestCase -->
</testsuite> <!-- Command line test -->
