<?xml version="1.0" encoding="UTF-8" ?>
<testsuite tests="2" failures="1" name="virtusatest.FirstTest" time="21.305" errors="0" skipped="0">
  <properties>
[...]
</properties>
  <testcase classname="virtusatest.FirstTest" name="firstTestCase" time="15.023"/>
  <testcase classname="virtusatest.FirstTest" name="secondTestCase" time="6.282">
    <failure message="expected [Google] but found [Googles]" type="java.lang.AssertionError">java.lang.AssertionError: expected [Google] but found [Googles]
	at org.testng.Assert.fail(Assert.java:110)
	at org.testng.Assert.failNotEquals(Assert.java:1577)
	at org.testng.Assert.assertEqualsImpl(Assert.java:149)
	at org.testng.Assert.assertEquals(Assert.java:131)
	at org.testng.Assert.assertEquals(Assert.java:655)
	at org.testng.Assert.assertEquals(Assert.java:665)
	at virtusatest.FirstTest.secondTestCase(FirstTest.java:49)
</failure>
    <system-out>Launch Google
</system-out>
  </testcase>
</testsuite>