<?xml version="1.0" encoding="UTF-8"?>
<testng-results ignored="0" total="2" passed="2" failed="0" skipped="0">
  <reporter-output>
  </reporter-output>
  <suite started-at="2024-03-07T13:28:31 IST" name="Default suite" finished-at="2024-03-07T13:28:47 IST" duration-ms="16749">
    <groups>
    </groups>
    <test started-at="2024-03-07T13:28:31 IST" name="Default test" finished-at="2024-03-07T13:28:47 IST" duration-ms="16749">
      <class name="virtusatest.FirstTest">
        <test-method signature="firstTestCase()[pri:0, instance:virtusatest.FirstTest@52bf72b5]" started-at="2024-03-07T13:28:31 IST" name="firstTestCase" finished-at="2024-03-07T13:28:40 IST" duration-ms="8940" status="PASS">
          <reporter-output>
          </reporter-output>
        </test-method> <!-- firstTestCase -->
        <test-method signature="secondTestCase()[pri:0, instance:virtusatest.FirstTest@52bf72b5]" started-at="2024-03-07T13:28:40 IST" name="secondTestCase" finished-at="2024-03-07T13:28:47 IST" duration-ms="7768" status="PASS">
          <reporter-output>
          </reporter-output>
        </test-method> <!-- secondTestCase -->
      </class> <!-- virtusatest.FirstTest -->
    </test> <!-- Default test -->
  </suite> <!-- Default suite -->
</testng-results>
